{"C:\\Users\\Lam\\Desktop\\fuelrate\\fuel-rate-website\\backend\\server.js": {"path":"C:\\Users\\Lam\\Desktop\\fuelrate\\fuel-rate-website\\backend\\server.js","statementMap":{"0":{"start":{"line":11,"column":16},"end":{"line":11,"column":34}},"1":{"start":{"line":12,"column":12},"end":{"line":12,"column":21}},"2":{"start":{"line":13,"column":13},"end":{"line":13,"column":28}},"3":{"start":{"line":14,"column":13},"end":{"line":14,"column":17}},"4":{"start":{"line":16,"column":0},"end":{"line":16,"column":16}},"5":{"start":{"line":23,"column":0},"end":{"line":23,"column":24}},"6":{"start":{"line":24,"column":0},"end":{"line":24,"column":30}},"7":{"start":{"line":38,"column":14},"end":{"line":38,"column":40}},"8":{"start":{"line":39,"column":0},"end":{"line":39,"column":24}},"9":{"start":{"line":42,"column":15},"end":{"line":42,"column":42}},"10":{"start":{"line":43,"column":0},"end":{"line":43,"column":26}},"11":{"start":{"line":46,"column":17},"end":{"line":46,"column":46}},"12":{"start":{"line":47,"column":0},"end":{"line":47,"column":30}},"13":{"start":{"line":50,"column":16},"end":{"line":50,"column":44}},"14":{"start":{"line":51,"column":0},"end":{"line":51,"column":28}},"15":{"start":{"line":54,"column":21},"end":{"line":54,"column":54}},"16":{"start":{"line":55,"column":0},"end":{"line":55,"column":38}},"17":{"start":{"line":58,"column":0},"end":{"line":60,"column":3}},"18":{"start":{"line":59,"column":4},"end":{"line":59,"column":79}},"19":{"start":{"line":63,"column":0},"end":{"line":65,"column":3}},"20":{"start":{"line":64,"column":4},"end":{"line":64,"column":44}},"21":{"start":{"line":67,"column":0},"end":{"line":67,"column":21}}},"fnMap":{"0":{"name":"(anonymous_0)","decl":{"start":{"line":58,"column":8},"end":{"line":58,"column":9}},"loc":{"start":{"line":58,"column":33},"end":{"line":60,"column":1}},"line":58},"1":{"name":"(anonymous_1)","decl":{"start":{"line":63,"column":17},"end":{"line":63,"column":18}},"loc":{"start":{"line":63,"column":23},"end":{"line":65,"column":1}},"line":63}},"branchMap":{"0":{"loc":{"start":{"line":59,"column":15},"end":{"line":59,"column":32}},"type":"binary-expr","locations":[{"start":{"line":59,"column":15},"end":{"line":59,"column":25}},{"start":{"line":59,"column":29},"end":{"line":59,"column":32}}],"line":59},"1":{"loc":{"start":{"line":59,"column":39},"end":{"line":59,"column":77}},"type":"binary-expr","locations":[{"start":{"line":59,"column":39},"end":{"line":59,"column":50}},{"start":{"line":59,"column":54},"end":{"line":59,"column":77}}],"line":59}},"s":{"0":1,"1":1,"2":1,"3":1,"4":1,"5":1,"6":1,"7":1,"8":1,"9":1,"10":1,"11":1,"12":1,"13":1,"14":1,"15":1,"16":1,"17":1,"18":23,"19":1,"20":1,"21":1},"f":{"0":23,"1":1},"b":{"0":[23,23],"1":[23,0]},"_coverageSchema":"1a1c01bbd47fc00a2c39e90264f33305004495a9","hash":"3cad658c07bf29bf2be03c686d904dacb29147ed"}
,"C:\\Users\\Lam\\Desktop\\fuelrate\\fuel-rate-website\\backend\\routers\\fuelrate.js": {"path":"C:\\Users\\Lam\\Desktop\\fuelrate\\fuel-rate-website\\backend\\routers\\fuelrate.js","statementMap":{"0":{"start":{"line":1,"column":16},"end":{"line":1,"column":34}},"1":{"start":{"line":2,"column":14},"end":{"line":2,"column":30}},"2":{"start":{"line":4,"column":0},"end":{"line":4,"column":27}},"3":{"start":{"line":6,"column":15},"end":{"line":6,"column":31}},"4":{"start":{"line":9,"column":0},"end":{"line":56,"column":3}},"5":{"start":{"line":10,"column":17},"end":{"line":10,"column":32}},"6":{"start":{"line":11,"column":27},"end":{"line":11,"column":52}},"7":{"start":{"line":12,"column":23},"end":{"line":12,"column":44}},"8":{"start":{"line":13,"column":16},"end":{"line":13,"column":30}},"9":{"start":{"line":15,"column":4},"end":{"line":17,"column":5}},"10":{"start":{"line":16,"column":8},"end":{"line":16,"column":75}},"11":{"start":{"line":18,"column":4},"end":{"line":20,"column":5}},"12":{"start":{"line":19,"column":8},"end":{"line":19,"column":71}},"13":{"start":{"line":22,"column":15},"end":{"line":28,"column":6}},"14":{"start":{"line":30,"column":24},"end":{"line":30,"column":25}},"15":{"start":{"line":32,"column":4},"end":{"line":55,"column":7}},"16":{"start":{"line":33,"column":8},"end":{"line":36,"column":9}},"17":{"start":{"line":34,"column":12},"end":{"line":34,"column":29}},"18":{"start":{"line":35,"column":12},"end":{"line":35,"column":68}},"19":{"start":{"line":39,"column":32},"end":{"line":39,"column":81}},"20":{"start":{"line":40,"column":8},"end":{"line":54,"column":11}},"21":{"start":{"line":41,"column":12},"end":{"line":44,"column":13}},"22":{"start":{"line":42,"column":16},"end":{"line":42,"column":33}},"23":{"start":{"line":43,"column":16},"end":{"line":43,"column":85}},"24":{"start":{"line":45,"column":12},"end":{"line":45,"column":67}},"25":{"start":{"line":46,"column":33},"end":{"line":46,"column":62}},"26":{"start":{"line":47,"column":41},"end":{"line":47,"column":80}},"27":{"start":{"line":48,"column":38},"end":{"line":48,"column":41}},"28":{"start":{"line":49,"column":31},"end":{"line":49,"column":34}},"29":{"start":{"line":50,"column":25},"end":{"line":50,"column":119}},"30":{"start":{"line":51,"column":33},"end":{"line":51,"column":54}},"31":{"start":{"line":52,"column":30},"end":{"line":52,"column":63}},"32":{"start":{"line":53,"column":12},"end":{"line":53,"column":103}},"33":{"start":{"line":58,"column":0},"end":{"line":99,"column":3}},"34":{"start":{"line":59,"column":17},"end":{"line":59,"column":32}},"35":{"start":{"line":60,"column":27},"end":{"line":60,"column":52}},"36":{"start":{"line":61,"column":23},"end":{"line":61,"column":44}},"37":{"start":{"line":62,"column":18},"end":{"line":62,"column":34}},"38":{"start":{"line":63,"column":25},"end":{"line":63,"column":48}},"39":{"start":{"line":64,"column":21},"end":{"line":64,"column":40}},"40":{"start":{"line":65,"column":17},"end":{"line":65,"column":18}},"41":{"start":{"line":67,"column":15},"end":{"line":73,"column":6}},"42":{"start":{"line":75,"column":4},"end":{"line":98,"column":7}},"43":{"start":{"line":76,"column":8},"end":{"line":79,"column":9}},"44":{"start":{"line":77,"column":12},"end":{"line":77,"column":29}},"45":{"start":{"line":78,"column":12},"end":{"line":78,"column":68}},"46":{"start":{"line":80,"column":8},"end":{"line":80,"column":69}},"47":{"start":{"line":81,"column":8},"end":{"line":97,"column":11}},"48":{"start":{"line":82,"column":12},"end":{"line":85,"column":13}},"49":{"start":{"line":83,"column":16},"end":{"line":83,"column":33}},"50":{"start":{"line":84,"column":16},"end":{"line":84,"column":85}},"51":{"start":{"line":86,"column":12},"end":{"line":86,"column":44}},"52":{"start":{"line":87,"column":12},"end":{"line":87,"column":31}},"53":{"start":{"line":88,"column":30},"end":{"line":88,"column":77}},"54":{"start":{"line":89,"column":12},"end":{"line":96,"column":15}},"55":{"start":{"line":90,"column":16},"end":{"line":93,"column":17}},"56":{"start":{"line":91,"column":20},"end":{"line":91,"column":37}},"57":{"start":{"line":92,"column":20},"end":{"line":92,"column":89}},"58":{"start":{"line":94,"column":16},"end":{"line":94,"column":57}},"59":{"start":{"line":95,"column":16},"end":{"line":95,"column":60}},"60":{"start":{"line":101,"column":0},"end":{"line":101,"column":24}}},"fnMap":{"0":{"name":"(anonymous_0)","decl":{"start":{"line":9,"column":25},"end":{"line":9,"column":26}},"loc":{"start":{"line":9,"column":51},"end":{"line":56,"column":1}},"line":9},"1":{"name":"(anonymous_1)","decl":{"start":{"line":32,"column":15},"end":{"line":32,"column":16}},"loc":{"start":{"line":32,"column":30},"end":{"line":55,"column":5}},"line":32},"2":{"name":"(anonymous_2)","decl":{"start":{"line":40,"column":49},"end":{"line":40,"column":50}},"loc":{"start":{"line":40,"column":65},"end":{"line":54,"column":9}},"line":40},"3":{"name":"(anonymous_3)","decl":{"start":{"line":58,"column":26},"end":{"line":58,"column":27}},"loc":{"start":{"line":58,"column":50},"end":{"line":99,"column":1}},"line":58},"4":{"name":"(anonymous_4)","decl":{"start":{"line":75,"column":15},"end":{"line":75,"column":16}},"loc":{"start":{"line":75,"column":30},"end":{"line":98,"column":5}},"line":75},"5":{"name":"(anonymous_5)","decl":{"start":{"line":81,"column":42},"end":{"line":81,"column":43}},"loc":{"start":{"line":81,"column":64},"end":{"line":97,"column":9}},"line":81},"6":{"name":"(anonymous_6)","decl":{"start":{"line":89,"column":117},"end":{"line":89,"column":118}},"loc":{"start":{"line":89,"column":139},"end":{"line":96,"column":13}},"line":89}},"branchMap":{"0":{"loc":{"start":{"line":15,"column":4},"end":{"line":17,"column":5}},"type":"if","locations":[{"start":{"line":15,"column":4},"end":{"line":17,"column":5}},{"start":{},"end":{}}],"line":15},"1":{"loc":{"start":{"line":18,"column":4},"end":{"line":20,"column":5}},"type":"if","locations":[{"start":{"line":18,"column":4},"end":{"line":20,"column":5}},{"start":{},"end":{}}],"line":18},"2":{"loc":{"start":{"line":33,"column":8},"end":{"line":36,"column":9}},"type":"if","locations":[{"start":{"line":33,"column":8},"end":{"line":36,"column":9}},{"start":{},"end":{}}],"line":33},"3":{"loc":{"start":{"line":41,"column":12},"end":{"line":44,"column":13}},"type":"if","locations":[{"start":{"line":41,"column":12},"end":{"line":44,"column":13}},{"start":{},"end":{}}],"line":41},"4":{"loc":{"start":{"line":45,"column":28},"end":{"line":45,"column":66}},"type":"cond-expr","locations":[{"start":{"line":45,"column":58},"end":{"line":45,"column":62}},{"start":{"line":45,"column":65},"end":{"line":45,"column":66}}],"line":45},"5":{"loc":{"start":{"line":46,"column":33},"end":{"line":46,"column":62}},"type":"cond-expr","locations":[{"start":{"line":46,"column":51},"end":{"line":46,"column":55}},{"start":{"line":46,"column":58},"end":{"line":46,"column":62}}],"line":46},"6":{"loc":{"start":{"line":47,"column":41},"end":{"line":47,"column":80}},"type":"cond-expr","locations":[{"start":{"line":47,"column":69},"end":{"line":47,"column":73}},{"start":{"line":47,"column":76},"end":{"line":47,"column":80}}],"line":47},"7":{"loc":{"start":{"line":76,"column":8},"end":{"line":79,"column":9}},"type":"if","locations":[{"start":{"line":76,"column":8},"end":{"line":79,"column":9}},{"start":{},"end":{}}],"line":76},"8":{"loc":{"start":{"line":82,"column":12},"end":{"line":85,"column":13}},"type":"if","locations":[{"start":{"line":82,"column":12},"end":{"line":85,"column":13}},{"start":{},"end":{}}],"line":82},"9":{"loc":{"start":{"line":90,"column":16},"end":{"line":93,"column":17}},"type":"if","locations":[{"start":{"line":90,"column":16},"end":{"line":93,"column":17}},{"start":{},"end":{}}],"line":90}},"s":{"0":1,"1":1,"2":1,"3":1,"4":1,"5":3,"6":3,"7":3,"8":3,"9":3,"10":1,"11":2,"12":1,"13":1,"14":1,"15":1,"16":1,"17":0,"18":0,"19":1,"20":1,"21":1,"22":0,"23":0,"24":1,"25":1,"26":1,"27":1,"28":1,"29":1,"30":1,"31":1,"32":1,"33":1,"34":2,"35":2,"36":2,"37":2,"38":2,"39":2,"40":2,"41":2,"42":2,"43":2,"44":0,"45":0,"46":2,"47":2,"48":2,"49":0,"50":0,"51":2,"52":2,"53":2,"54":2,"55":2,"56":1,"57":1,"58":1,"59":1,"60":1},"f":{"0":3,"1":1,"2":1,"3":2,"4":2,"5":2,"6":2},"b":{"0":[1,2],"1":[1,1],"2":[0,1],"3":[0,1],"4":[1,0],"5":[0,1],"6":[1,0],"7":[0,2],"8":[0,2],"9":[1,1]},"_coverageSchema":"1a1c01bbd47fc00a2c39e90264f33305004495a9","hash":"915cfe19d0adaabefae42d5e21c3a962cde65390"}
,"C:\\Users\\Lam\\Desktop\\fuelrate\\fuel-rate-website\\backend\\routers\\login.js": {"path":"C:\\Users\\Lam\\Desktop\\fuelrate\\fuel-rate-website\\backend\\routers\\login.js","statementMap":{"0":{"start":{"line":1,"column":16},"end":{"line":1,"column":34}},"1":{"start":{"line":2,"column":14},"end":{"line":2,"column":30}},"2":{"start":{"line":3,"column":15},"end":{"line":3,"column":32}},"3":{"start":{"line":5,"column":0},"end":{"line":5,"column":27}},"4":{"start":{"line":7,"column":15},"end":{"line":7,"column":31}},"5":{"start":{"line":10,"column":0},"end":{"line":63,"column":3}},"6":{"start":{"line":11,"column":19},"end":{"line":11,"column":36}},"7":{"start":{"line":12,"column":19},"end":{"line":12,"column":36}},"8":{"start":{"line":15,"column":4},"end":{"line":17,"column":5}},"9":{"start":{"line":16,"column":8},"end":{"line":16,"column":56}},"10":{"start":{"line":18,"column":4},"end":{"line":20,"column":5}},"11":{"start":{"line":19,"column":8},"end":{"line":19,"column":66}},"12":{"start":{"line":21,"column":4},"end":{"line":23,"column":5}},"13":{"start":{"line":22,"column":8},"end":{"line":22,"column":56}},"14":{"start":{"line":25,"column":15},"end":{"line":31,"column":6}},"15":{"start":{"line":33,"column":4},"end":{"line":62,"column":7}},"16":{"start":{"line":34,"column":8},"end":{"line":37,"column":9}},"17":{"start":{"line":35,"column":12},"end":{"line":35,"column":29}},"18":{"start":{"line":36,"column":12},"end":{"line":36,"column":68}},"19":{"start":{"line":38,"column":26},"end":{"line":38,"column":76}},"20":{"start":{"line":40,"column":8},"end":{"line":61,"column":11}},"21":{"start":{"line":41,"column":12},"end":{"line":44,"column":13}},"22":{"start":{"line":42,"column":16},"end":{"line":42,"column":33}},"23":{"start":{"line":43,"column":16},"end":{"line":43,"column":68}},"24":{"start":{"line":45,"column":12},"end":{"line":60,"column":13}},"25":{"start":{"line":46,"column":16},"end":{"line":46,"column":68}},"26":{"start":{"line":47,"column":16},"end":{"line":47,"column":63}},"27":{"start":{"line":50,"column":37},"end":{"line":50,"column":55}},"28":{"start":{"line":51,"column":16},"end":{"line":59,"column":17}},"29":{"start":{"line":52,"column":20},"end":{"line":52,"column":64}},"30":{"start":{"line":53,"column":20},"end":{"line":53,"column":50}},"31":{"start":{"line":54,"column":20},"end":{"line":54,"column":53}},"32":{"start":{"line":57,"column":20},"end":{"line":57,"column":60}},"33":{"start":{"line":58,"column":20},"end":{"line":58,"column":69}},"34":{"start":{"line":65,"column":0},"end":{"line":65,"column":24}}},"fnMap":{"0":{"name":"(anonymous_0)","decl":{"start":{"line":10,"column":17},"end":{"line":10,"column":18}},"loc":{"start":{"line":10,"column":43},"end":{"line":63,"column":1}},"line":10},"1":{"name":"(anonymous_1)","decl":{"start":{"line":33,"column":15},"end":{"line":33,"column":16}},"loc":{"start":{"line":33,"column":30},"end":{"line":62,"column":5}},"line":33},"2":{"name":"(anonymous_2)","decl":{"start":{"line":40,"column":44},"end":{"line":40,"column":45}},"loc":{"start":{"line":40,"column":66},"end":{"line":61,"column":9}},"line":40}},"branchMap":{"0":{"loc":{"start":{"line":15,"column":4},"end":{"line":17,"column":5}},"type":"if","locations":[{"start":{"line":15,"column":4},"end":{"line":17,"column":5}},{"start":{},"end":{}}],"line":15},"1":{"loc":{"start":{"line":18,"column":4},"end":{"line":20,"column":5}},"type":"if","locations":[{"start":{"line":18,"column":4},"end":{"line":20,"column":5}},{"start":{},"end":{}}],"line":18},"2":{"loc":{"start":{"line":21,"column":4},"end":{"line":23,"column":5}},"type":"if","locations":[{"start":{"line":21,"column":4},"end":{"line":23,"column":5}},{"start":{},"end":{}}],"line":21},"3":{"loc":{"start":{"line":34,"column":8},"end":{"line":37,"column":9}},"type":"if","locations":[{"start":{"line":34,"column":8},"end":{"line":37,"column":9}},{"start":{},"end":{}}],"line":34},"4":{"loc":{"start":{"line":41,"column":12},"end":{"line":44,"column":13}},"type":"if","locations":[{"start":{"line":41,"column":12},"end":{"line":44,"column":13}},{"start":{},"end":{}}],"line":41},"5":{"loc":{"start":{"line":45,"column":12},"end":{"line":60,"column":13}},"type":"if","locations":[{"start":{"line":45,"column":12},"end":{"line":60,"column":13}},{"start":{"line":49,"column":17},"end":{"line":60,"column":13}}],"line":45},"6":{"loc":{"start":{"line":51,"column":16},"end":{"line":59,"column":17}},"type":"if","locations":[{"start":{"line":51,"column":16},"end":{"line":59,"column":17}},{"start":{"line":56,"column":21},"end":{"line":59,"column":17}}],"line":51}},"s":{"0":1,"1":1,"2":1,"3":1,"4":1,"5":1,"6":5,"7":5,"8":5,"9":0,"10":5,"11":0,"12":5,"13":0,"14":5,"15":5,"16":5,"17":0,"18":0,"19":5,"20":5,"21":5,"22":0,"23":0,"24":5,"25":4,"26":4,"27":1,"28":1,"29":1,"30":1,"31":1,"32":0,"33":0,"34":1},"f":{"0":5,"1":5,"2":5},"b":{"0":[0,5],"1":[0,5],"2":[0,5],"3":[0,5],"4":[0,5],"5":[4,1],"6":[1,0]},"_coverageSchema":"1a1c01bbd47fc00a2c39e90264f33305004495a9","hash":"b7da4193760474d13833621e3272874491871635"}
,"C:\\Users\\Lam\\Desktop\\fuelrate\\fuel-rate-website\\backend\\routers\\profile.js": {"path":"C:\\Users\\Lam\\Desktop\\fuelrate\\fuel-rate-website\\backend\\routers\\profile.js","statementMap":{"0":{"start":{"line":1,"column":16},"end":{"line":1,"column":34}},"1":{"start":{"line":2,"column":14},"end":{"line":2,"column":30}},"2":{"start":{"line":4,"column":0},"end":{"line":4,"column":27}},"3":{"start":{"line":6,"column":15},"end":{"line":6,"column":31}},"4":{"start":{"line":9,"column":0},"end":{"line":36,"column":3}},"5":{"start":{"line":10,"column":13},"end":{"line":10,"column":30}},"6":{"start":{"line":12,"column":15},"end":{"line":18,"column":6}},"7":{"start":{"line":20,"column":4},"end":{"line":35,"column":7}},"8":{"start":{"line":21,"column":8},"end":{"line":24,"column":9}},"9":{"start":{"line":22,"column":12},"end":{"line":22,"column":29}},"10":{"start":{"line":23,"column":12},"end":{"line":23,"column":68}},"11":{"start":{"line":25,"column":26},"end":{"line":25,"column":129}},"12":{"start":{"line":27,"column":8},"end":{"line":34,"column":11}},"13":{"start":{"line":28,"column":12},"end":{"line":31,"column":13}},"14":{"start":{"line":29,"column":16},"end":{"line":29,"column":33}},"15":{"start":{"line":30,"column":16},"end":{"line":30,"column":68}},"16":{"start":{"line":32,"column":12},"end":{"line":32,"column":35}},"17":{"start":{"line":33,"column":12},"end":{"line":33,"column":32}},"18":{"start":{"line":38,"column":0},"end":{"line":123,"column":3}},"19":{"start":{"line":39,"column":17},"end":{"line":39,"column":32}},"20":{"start":{"line":40,"column":15},"end":{"line":40,"column":28}},"21":{"start":{"line":41,"column":19},"end":{"line":41,"column":36}},"22":{"start":{"line":42,"column":19},"end":{"line":42,"column":36}},"23":{"start":{"line":43,"column":15},"end":{"line":43,"column":28}},"24":{"start":{"line":44,"column":16},"end":{"line":44,"column":30}},"25":{"start":{"line":45,"column":18},"end":{"line":45,"column":34}},"26":{"start":{"line":47,"column":4},"end":{"line":49,"column":5}},"27":{"start":{"line":48,"column":8},"end":{"line":48,"column":66}},"28":{"start":{"line":50,"column":4},"end":{"line":52,"column":5}},"29":{"start":{"line":51,"column":8},"end":{"line":51,"column":67}},"30":{"start":{"line":53,"column":4},"end":{"line":55,"column":5}},"31":{"start":{"line":54,"column":8},"end":{"line":54,"column":64}},"32":{"start":{"line":56,"column":4},"end":{"line":58,"column":5}},"33":{"start":{"line":57,"column":8},"end":{"line":57,"column":72}},"34":{"start":{"line":59,"column":4},"end":{"line":61,"column":5}},"35":{"start":{"line":60,"column":8},"end":{"line":60,"column":73}},"36":{"start":{"line":62,"column":4},"end":{"line":64,"column":5}},"37":{"start":{"line":63,"column":8},"end":{"line":63,"column":61}},"38":{"start":{"line":65,"column":4},"end":{"line":67,"column":5}},"39":{"start":{"line":66,"column":8},"end":{"line":66,"column":68}},"40":{"start":{"line":68,"column":4},"end":{"line":70,"column":5}},"41":{"start":{"line":69,"column":8},"end":{"line":69,"column":65}},"42":{"start":{"line":71,"column":4},"end":{"line":73,"column":5}},"43":{"start":{"line":72,"column":8},"end":{"line":72,"column":76}},"44":{"start":{"line":74,"column":4},"end":{"line":76,"column":5}},"45":{"start":{"line":75,"column":8},"end":{"line":75,"column":67}},"46":{"start":{"line":78,"column":15},"end":{"line":84,"column":6}},"47":{"start":{"line":86,"column":4},"end":{"line":122,"column":7}},"48":{"start":{"line":87,"column":8},"end":{"line":90,"column":9}},"49":{"start":{"line":88,"column":12},"end":{"line":88,"column":29}},"50":{"start":{"line":89,"column":12},"end":{"line":89,"column":68}},"51":{"start":{"line":91,"column":26},"end":{"line":91,"column":76}},"52":{"start":{"line":92,"column":26},"end":{"line":92,"column":81}},"53":{"start":{"line":93,"column":26},"end":{"line":93,"column":144}},"54":{"start":{"line":95,"column":8},"end":{"line":120,"column":11}},"55":{"start":{"line":96,"column":12},"end":{"line":99,"column":13}},"56":{"start":{"line":97,"column":16},"end":{"line":97,"column":33}},"57":{"start":{"line":98,"column":16},"end":{"line":98,"column":68}},"58":{"start":{"line":100,"column":12},"end":{"line":119,"column":13}},"59":{"start":{"line":101,"column":16},"end":{"line":108,"column":19}},"60":{"start":{"line":102,"column":20},"end":{"line":105,"column":21}},"61":{"start":{"line":103,"column":24},"end":{"line":103,"column":41}},"62":{"start":{"line":104,"column":24},"end":{"line":104,"column":86}},"63":{"start":{"line":106,"column":20},"end":{"line":106,"column":55}},"64":{"start":{"line":107,"column":20},"end":{"line":107,"column":47}},"65":{"start":{"line":111,"column":16},"end":{"line":118,"column":19}},"66":{"start":{"line":112,"column":20},"end":{"line":115,"column":21}},"67":{"start":{"line":113,"column":24},"end":{"line":113,"column":41}},"68":{"start":{"line":114,"column":24},"end":{"line":114,"column":88}},"69":{"start":{"line":116,"column":20},"end":{"line":116,"column":57}},"70":{"start":{"line":117,"column":20},"end":{"line":117,"column":49}},"71":{"start":{"line":125,"column":0},"end":{"line":125,"column":24}}},"fnMap":{"0":{"name":"(anonymous_0)","decl":{"start":{"line":9,"column":23},"end":{"line":9,"column":24}},"loc":{"start":{"line":9,"column":41},"end":{"line":36,"column":1}},"line":9},"1":{"name":"(anonymous_1)","decl":{"start":{"line":20,"column":15},"end":{"line":20,"column":16}},"loc":{"start":{"line":20,"column":24},"end":{"line":35,"column":5}},"line":20},"2":{"name":"(anonymous_2)","decl":{"start":{"line":27,"column":32},"end":{"line":27,"column":33}},"loc":{"start":{"line":27,"column":48},"end":{"line":34,"column":9}},"line":27},"3":{"name":"(anonymous_3)","decl":{"start":{"line":38,"column":17},"end":{"line":38,"column":18}},"loc":{"start":{"line":38,"column":35},"end":{"line":123,"column":1}},"line":38},"4":{"name":"(anonymous_4)","decl":{"start":{"line":86,"column":15},"end":{"line":86,"column":16}},"loc":{"start":{"line":86,"column":24},"end":{"line":122,"column":5}},"line":86},"5":{"name":"(anonymous_5)","decl":{"start":{"line":95,"column":36},"end":{"line":95,"column":37}},"loc":{"start":{"line":95,"column":52},"end":{"line":120,"column":9}},"line":95},"6":{"name":"(anonymous_6)","decl":{"start":{"line":101,"column":86},"end":{"line":101,"column":87}},"loc":{"start":{"line":101,"column":102},"end":{"line":108,"column":17}},"line":101},"7":{"name":"(anonymous_7)","decl":{"start":{"line":111,"column":86},"end":{"line":111,"column":87}},"loc":{"start":{"line":111,"column":102},"end":{"line":118,"column":17}},"line":111}},"branchMap":{"0":{"loc":{"start":{"line":21,"column":8},"end":{"line":24,"column":9}},"type":"if","locations":[{"start":{"line":21,"column":8},"end":{"line":24,"column":9}},{"start":{},"end":{}}],"line":21},"1":{"loc":{"start":{"line":28,"column":12},"end":{"line":31,"column":13}},"type":"if","locations":[{"start":{"line":28,"column":12},"end":{"line":31,"column":13}},{"start":{},"end":{}}],"line":28},"2":{"loc":{"start":{"line":47,"column":4},"end":{"line":49,"column":5}},"type":"if","locations":[{"start":{"line":47,"column":4},"end":{"line":49,"column":5}},{"start":{},"end":{}}],"line":47},"3":{"loc":{"start":{"line":50,"column":4},"end":{"line":52,"column":5}},"type":"if","locations":[{"start":{"line":50,"column":4},"end":{"line":52,"column":5}},{"start":{},"end":{}}],"line":50},"4":{"loc":{"start":{"line":53,"column":4},"end":{"line":55,"column":5}},"type":"if","locations":[{"start":{"line":53,"column":4},"end":{"line":55,"column":5}},{"start":{},"end":{}}],"line":53},"5":{"loc":{"start":{"line":56,"column":4},"end":{"line":58,"column":5}},"type":"if","locations":[{"start":{"line":56,"column":4},"end":{"line":58,"column":5}},{"start":{},"end":{}}],"line":56},"6":{"loc":{"start":{"line":59,"column":4},"end":{"line":61,"column":5}},"type":"if","locations":[{"start":{"line":59,"column":4},"end":{"line":61,"column":5}},{"start":{},"end":{}}],"line":59},"7":{"loc":{"start":{"line":62,"column":4},"end":{"line":64,"column":5}},"type":"if","locations":[{"start":{"line":62,"column":4},"end":{"line":64,"column":5}},{"start":{},"end":{}}],"line":62},"8":{"loc":{"start":{"line":65,"column":4},"end":{"line":67,"column":5}},"type":"if","locations":[{"start":{"line":65,"column":4},"end":{"line":67,"column":5}},{"start":{},"end":{}}],"line":65},"9":{"loc":{"start":{"line":68,"column":4},"end":{"line":70,"column":5}},"type":"if","locations":[{"start":{"line":68,"column":4},"end":{"line":70,"column":5}},{"start":{},"end":{}}],"line":68},"10":{"loc":{"start":{"line":71,"column":4},"end":{"line":73,"column":5}},"type":"if","locations":[{"start":{"line":71,"column":4},"end":{"line":73,"column":5}},{"start":{},"end":{}}],"line":71},"11":{"loc":{"start":{"line":71,"column":8},"end":{"line":71,"column":48}},"type":"binary-expr","locations":[{"start":{"line":71,"column":8},"end":{"line":71,"column":26}},{"start":{"line":71,"column":30},"end":{"line":71,"column":48}}],"line":71},"12":{"loc":{"start":{"line":74,"column":4},"end":{"line":76,"column":5}},"type":"if","locations":[{"start":{"line":74,"column":4},"end":{"line":76,"column":5}},{"start":{},"end":{}}],"line":74},"13":{"loc":{"start":{"line":87,"column":8},"end":{"line":90,"column":9}},"type":"if","locations":[{"start":{"line":87,"column":8},"end":{"line":90,"column":9}},{"start":{},"end":{}}],"line":87},"14":{"loc":{"start":{"line":96,"column":12},"end":{"line":99,"column":13}},"type":"if","locations":[{"start":{"line":96,"column":12},"end":{"line":99,"column":13}},{"start":{},"end":{}}],"line":96},"15":{"loc":{"start":{"line":100,"column":12},"end":{"line":119,"column":13}},"type":"if","locations":[{"start":{"line":100,"column":12},"end":{"line":119,"column":13}},{"start":{"line":110,"column":17},"end":{"line":119,"column":13}}],"line":100},"16":{"loc":{"start":{"line":102,"column":20},"end":{"line":105,"column":21}},"type":"if","locations":[{"start":{"line":102,"column":20},"end":{"line":105,"column":21}},{"start":{},"end":{}}],"line":102},"17":{"loc":{"start":{"line":112,"column":20},"end":{"line":115,"column":21}},"type":"if","locations":[{"start":{"line":112,"column":20},"end":{"line":115,"column":21}},{"start":{},"end":{}}],"line":112}},"s":{"0":1,"1":1,"2":1,"3":1,"4":1,"5":1,"6":1,"7":1,"8":1,"9":0,"10":0,"11":1,"12":1,"13":1,"14":0,"15":0,"16":1,"17":1,"18":1,"19":13,"20":13,"21":13,"22":13,"23":13,"24":13,"25":13,"26":13,"27":1,"28":12,"29":1,"30":11,"31":1,"32":10,"33":1,"34":9,"35":1,"36":8,"37":1,"38":7,"39":1,"40":6,"41":2,"42":4,"43":2,"44":2,"45":1,"46":1,"47":1,"48":1,"49":0,"50":0,"51":1,"52":1,"53":1,"54":1,"55":1,"56":0,"57":0,"58":1,"59":0,"60":0,"61":0,"62":0,"63":0,"64":0,"65":1,"66":1,"67":0,"68":0,"69":1,"70":1,"71":1},"f":{"0":1,"1":1,"2":1,"3":13,"4":1,"5":1,"6":0,"7":1},"b":{"0":[0,1],"1":[0,1],"2":[1,12],"3":[1,11],"4":[1,10],"5":[1,9],"6":[1,8],"7":[1,7],"8":[1,6],"9":[2,4],"10":[2,2],"11":[4,4],"12":[1,1],"13":[0,1],"14":[0,1],"15":[0,1],"16":[0,0],"17":[0,1]},"_coverageSchema":"1a1c01bbd47fc00a2c39e90264f33305004495a9","hash":"114346b7e3e14c5b8ca82f733ace217ba160f99d"}
,"C:\\Users\\Lam\\Desktop\\fuelrate\\fuel-rate-website\\backend\\routers\\quotehistory.js": {"path":"C:\\Users\\Lam\\Desktop\\fuelrate\\fuel-rate-website\\backend\\routers\\quotehistory.js","statementMap":{"0":{"start":{"line":1,"column":16},"end":{"line":1,"column":34}},"1":{"start":{"line":2,"column":14},"end":{"line":2,"column":30}},"2":{"start":{"line":4,"column":0},"end":{"line":4,"column":27}},"3":{"start":{"line":6,"column":15},"end":{"line":6,"column":31}},"4":{"start":{"line":9,"column":0},"end":{"line":36,"column":3}},"5":{"start":{"line":10,"column":13},"end":{"line":10,"column":30}},"6":{"start":{"line":12,"column":15},"end":{"line":18,"column":6}},"7":{"start":{"line":20,"column":4},"end":{"line":35,"column":7}},"8":{"start":{"line":21,"column":8},"end":{"line":24,"column":9}},"9":{"start":{"line":22,"column":12},"end":{"line":22,"column":29}},"10":{"start":{"line":23,"column":12},"end":{"line":23,"column":68}},"11":{"start":{"line":25,"column":26},"end":{"line":25,"column":68}},"12":{"start":{"line":27,"column":8},"end":{"line":34,"column":11}},"13":{"start":{"line":28,"column":12},"end":{"line":31,"column":13}},"14":{"start":{"line":29,"column":16},"end":{"line":29,"column":33}},"15":{"start":{"line":30,"column":16},"end":{"line":30,"column":68}},"16":{"start":{"line":32,"column":12},"end":{"line":32,"column":32}},"17":{"start":{"line":33,"column":12},"end":{"line":33,"column":29}},"18":{"start":{"line":38,"column":0},"end":{"line":38,"column":24}}},"fnMap":{"0":{"name":"(anonymous_0)","decl":{"start":{"line":9,"column":23},"end":{"line":9,"column":24}},"loc":{"start":{"line":9,"column":41},"end":{"line":36,"column":1}},"line":9},"1":{"name":"(anonymous_1)","decl":{"start":{"line":20,"column":15},"end":{"line":20,"column":16}},"loc":{"start":{"line":20,"column":24},"end":{"line":35,"column":5}},"line":20},"2":{"name":"(anonymous_2)","decl":{"start":{"line":27,"column":32},"end":{"line":27,"column":33}},"loc":{"start":{"line":27,"column":48},"end":{"line":34,"column":9}},"line":27}},"branchMap":{"0":{"loc":{"start":{"line":21,"column":8},"end":{"line":24,"column":9}},"type":"if","locations":[{"start":{"line":21,"column":8},"end":{"line":24,"column":9}},{"start":{},"end":{}}],"line":21},"1":{"loc":{"start":{"line":28,"column":12},"end":{"line":31,"column":13}},"type":"if","locations":[{"start":{"line":28,"column":12},"end":{"line":31,"column":13}},{"start":{},"end":{}}],"line":28}},"s":{"0":1,"1":1,"2":1,"3":1,"4":1,"5":2,"6":2,"7":2,"8":2,"9":0,"10":0,"11":2,"12":2,"13":2,"14":0,"15":0,"16":2,"17":2,"18":1},"f":{"0":2,"1":2,"2":2},"b":{"0":[0,2],"1":[0,2]},"_coverageSchema":"1a1c01bbd47fc00a2c39e90264f33305004495a9","hash":"3853836fd516e289a624d01a59bb770c42d0d46e"}
,"C:\\Users\\Lam\\Desktop\\fuelrate\\fuel-rate-website\\backend\\routers\\signup.js": {"path":"C:\\Users\\Lam\\Desktop\\fuelrate\\fuel-rate-website\\backend\\routers\\signup.js","statementMap":{"0":{"start":{"line":1,"column":16},"end":{"line":1,"column":34}},"1":{"start":{"line":2,"column":14},"end":{"line":2,"column":30}},"2":{"start":{"line":3,"column":15},"end":{"line":3,"column":32}},"3":{"start":{"line":5,"column":0},"end":{"line":5,"column":27}},"4":{"start":{"line":6,"column":15},"end":{"line":6,"column":31}},"5":{"start":{"line":9,"column":0},"end":{"line":63,"column":3}},"6":{"start":{"line":10,"column":19},"end":{"line":10,"column":36}},"7":{"start":{"line":11,"column":19},"end":{"line":11,"column":36}},"8":{"start":{"line":14,"column":4},"end":{"line":16,"column":5}},"9":{"start":{"line":15,"column":8},"end":{"line":15,"column":56}},"10":{"start":{"line":17,"column":4},"end":{"line":19,"column":5}},"11":{"start":{"line":18,"column":8},"end":{"line":18,"column":66}},"12":{"start":{"line":20,"column":4},"end":{"line":22,"column":5}},"13":{"start":{"line":21,"column":8},"end":{"line":21,"column":56}},"14":{"start":{"line":25,"column":25},"end":{"line":25,"column":55}},"15":{"start":{"line":26,"column":15},"end":{"line":32,"column":6}},"16":{"start":{"line":34,"column":4},"end":{"line":62,"column":7}},"17":{"start":{"line":35,"column":8},"end":{"line":38,"column":9}},"18":{"start":{"line":36,"column":12},"end":{"line":36,"column":29}},"19":{"start":{"line":37,"column":12},"end":{"line":37,"column":68}},"20":{"start":{"line":39,"column":26},"end":{"line":39,"column":76}},"21":{"start":{"line":40,"column":26},"end":{"line":40,"column":69}},"22":{"start":{"line":42,"column":8},"end":{"line":61,"column":11}},"23":{"start":{"line":43,"column":12},"end":{"line":46,"column":13}},"24":{"start":{"line":44,"column":16},"end":{"line":44,"column":33}},"25":{"start":{"line":45,"column":16},"end":{"line":45,"column":68}},"26":{"start":{"line":47,"column":12},"end":{"line":60,"column":13}},"27":{"start":{"line":48,"column":16},"end":{"line":48,"column":77}},"28":{"start":{"line":49,"column":16},"end":{"line":49,"column":63}},"29":{"start":{"line":52,"column":16},"end":{"line":59,"column":19}},"30":{"start":{"line":53,"column":20},"end":{"line":56,"column":21}},"31":{"start":{"line":54,"column":24},"end":{"line":54,"column":41}},"32":{"start":{"line":55,"column":24},"end":{"line":55,"column":81}},"33":{"start":{"line":57,"column":20},"end":{"line":57,"column":53}},"34":{"start":{"line":58,"column":20},"end":{"line":58,"column":52}},"35":{"start":{"line":65,"column":0},"end":{"line":65,"column":24}}},"fnMap":{"0":{"name":"(anonymous_0)","decl":{"start":{"line":9,"column":17},"end":{"line":9,"column":18}},"loc":{"start":{"line":9,"column":43},"end":{"line":63,"column":1}},"line":9},"1":{"name":"(anonymous_1)","decl":{"start":{"line":34,"column":15},"end":{"line":34,"column":16}},"loc":{"start":{"line":34,"column":30},"end":{"line":62,"column":5}},"line":34},"2":{"name":"(anonymous_2)","decl":{"start":{"line":42,"column":45},"end":{"line":42,"column":46}},"loc":{"start":{"line":42,"column":67},"end":{"line":61,"column":9}},"line":42},"3":{"name":"(anonymous_3)","decl":{"start":{"line":52,"column":68},"end":{"line":52,"column":69}},"loc":{"start":{"line":52,"column":90},"end":{"line":59,"column":17}},"line":52}},"branchMap":{"0":{"loc":{"start":{"line":14,"column":4},"end":{"line":16,"column":5}},"type":"if","locations":[{"start":{"line":14,"column":4},"end":{"line":16,"column":5}},{"start":{},"end":{}}],"line":14},"1":{"loc":{"start":{"line":17,"column":4},"end":{"line":19,"column":5}},"type":"if","locations":[{"start":{"line":17,"column":4},"end":{"line":19,"column":5}},{"start":{},"end":{}}],"line":17},"2":{"loc":{"start":{"line":20,"column":4},"end":{"line":22,"column":5}},"type":"if","locations":[{"start":{"line":20,"column":4},"end":{"line":22,"column":5}},{"start":{},"end":{}}],"line":20},"3":{"loc":{"start":{"line":35,"column":8},"end":{"line":38,"column":9}},"type":"if","locations":[{"start":{"line":35,"column":8},"end":{"line":38,"column":9}},{"start":{},"end":{}}],"line":35},"4":{"loc":{"start":{"line":43,"column":12},"end":{"line":46,"column":13}},"type":"if","locations":[{"start":{"line":43,"column":12},"end":{"line":46,"column":13}},{"start":{},"end":{}}],"line":43},"5":{"loc":{"start":{"line":47,"column":12},"end":{"line":60,"column":13}},"type":"if","locations":[{"start":{"line":47,"column":12},"end":{"line":60,"column":13}},{"start":{"line":51,"column":17},"end":{"line":60,"column":13}}],"line":47},"6":{"loc":{"start":{"line":53,"column":20},"end":{"line":56,"column":21}},"type":"if","locations":[{"start":{"line":53,"column":20},"end":{"line":56,"column":21}},{"start":{},"end":{}}],"line":53}},"s":{"0":1,"1":1,"2":1,"3":1,"4":1,"5":1,"6":5,"7":5,"8":5,"9":1,"10":4,"11":1,"12":3,"13":1,"14":2,"15":2,"16":2,"17":2,"18":0,"19":0,"20":2,"21":2,"22":2,"23":2,"24":0,"25":0,"26":2,"27":1,"28":1,"29":1,"30":1,"31":0,"32":0,"33":1,"34":1,"35":1},"f":{"0":5,"1":2,"2":2,"3":1},"b":{"0":[1,4],"1":[1,3],"2":[1,2],"3":[0,2],"4":[0,2],"5":[1,1],"6":[0,1]},"_coverageSchema":"1a1c01bbd47fc00a2c39e90264f33305004495a9","hash":"94fef0a410262904214a065dd910c3f1be81900a"}
}
