TN:
SF:server.js
FN:58,(anonymous_0)
FN:63,(anonymous_1)
FNF:2
FNH:2
FNDA:23,(anonymous_0)
FNDA:1,(anonymous_1)
DA:11,1
DA:12,1
DA:13,1
DA:14,1
DA:16,1
DA:23,1
DA:24,1
DA:38,1
DA:39,1
DA:42,1
DA:43,1
DA:46,1
DA:47,1
DA:50,1
DA:51,1
DA:54,1
DA:55,1
DA:58,1
DA:59,23
DA:63,1
DA:64,1
DA:67,1
LF:22
LH:22
BRDA:59,0,0,23
BRDA:59,0,1,23
BRDA:59,1,0,23
BRDA:59,1,1,0
BRF:4
BRH:3
end_of_record
TN:
SF:routers\fuelrate.js
FN:9,(anonymous_0)
FN:32,(anonymous_1)
FN:40,(anonymous_2)
FN:58,(anonymous_3)
FN:75,(anonymous_4)
FN:81,(anonymous_5)
FN:89,(anonymous_6)
FNF:7
FNH:7
FNDA:3,(anonymous_0)
FNDA:1,(anonymous_1)
FNDA:1,(anonymous_2)
FNDA:2,(anonymous_3)
FNDA:2,(anonymous_4)
FNDA:2,(anonymous_5)
FNDA:2,(anonymous_6)
DA:1,1
DA:2,1
DA:4,1
DA:6,1
DA:9,1
DA:10,3
DA:11,3
DA:12,3
DA:13,3
DA:15,3
DA:16,1
DA:18,2
DA:19,1
DA:22,1
DA:30,1
DA:32,1
DA:33,1
DA:34,0
DA:35,0
DA:39,1
DA:40,1
DA:41,1
DA:42,0
DA:43,0
DA:45,1
DA:46,1
DA:47,1
DA:48,1
DA:49,1
DA:50,1
DA:51,1
DA:52,1
DA:53,1
DA:58,1
DA:59,2
DA:60,2
DA:61,2
DA:62,2
DA:63,2
DA:64,2
DA:65,2
DA:67,2
DA:75,2
DA:76,2
DA:77,0
DA:78,0
DA:80,2
DA:81,2
DA:82,2
DA:83,0
DA:84,0
DA:86,2
DA:87,2
DA:88,2
DA:89,2
DA:90,2
DA:91,1
DA:92,1
DA:94,1
DA:95,1
DA:101,1
LF:61
LH:53
BRDA:15,0,0,1
BRDA:15,0,1,2
BRDA:18,1,0,1
BRDA:18,1,1,1
BRDA:33,2,0,0
BRDA:33,2,1,1
BRDA:41,3,0,0
BRDA:41,3,1,1
BRDA:45,4,0,1
BRDA:45,4,1,0
BRDA:46,5,0,0
BRDA:46,5,1,1
BRDA:47,6,0,1
BRDA:47,6,1,0
BRDA:76,7,0,0
BRDA:76,7,1,2
BRDA:82,8,0,0
BRDA:82,8,1,2
BRDA:90,9,0,1
BRDA:90,9,1,1
BRF:20
BRH:13
end_of_record
TN:
SF:routers\login.js
FN:10,(anonymous_0)
FN:33,(anonymous_1)
FN:40,(anonymous_2)
FNF:3
FNH:3
FNDA:5,(anonymous_0)
FNDA:5,(anonymous_1)
FNDA:5,(anonymous_2)
DA:1,1
DA:2,1
DA:3,1
DA:5,1
DA:7,1
DA:10,1
DA:11,5
DA:12,5
DA:15,5
DA:16,0
DA:18,5
DA:19,0
DA:21,5
DA:22,0
DA:25,5
DA:33,5
DA:34,5
DA:35,0
DA:36,0
DA:38,5
DA:40,5
DA:41,5
DA:42,0
DA:43,0
DA:45,5
DA:46,4
DA:47,4
DA:50,1
DA:51,1
DA:52,1
DA:53,1
DA:54,1
DA:57,0
DA:58,0
DA:65,1
LF:35
LH:26
BRDA:15,0,0,0
BRDA:15,0,1,5
BRDA:18,1,0,0
BRDA:18,1,1,5
BRDA:21,2,0,0
BRDA:21,2,1,5
BRDA:34,3,0,0
BRDA:34,3,1,5
BRDA:41,4,0,0
BRDA:41,4,1,5
BRDA:45,5,0,4
BRDA:45,5,1,1
BRDA:51,6,0,1
BRDA:51,6,1,0
BRF:14
BRH:8
end_of_record
TN:
SF:routers\profile.js
FN:9,(anonymous_0)
FN:20,(anonymous_1)
FN:27,(anonymous_2)
FN:38,(anonymous_3)
FN:86,(anonymous_4)
FN:95,(anonymous_5)
FN:101,(anonymous_6)
FN:111,(anonymous_7)
FNF:8
FNH:7
FNDA:1,(anonymous_0)
FNDA:1,(anonymous_1)
FNDA:1,(anonymous_2)
FNDA:13,(anonymous_3)
FNDA:1,(anonymous_4)
FNDA:1,(anonymous_5)
FNDA:0,(anonymous_6)
FNDA:1,(anonymous_7)
DA:1,1
DA:2,1
DA:4,1
DA:6,1
DA:9,1
DA:10,1
DA:12,1
DA:20,1
DA:21,1
DA:22,0
DA:23,0
DA:25,1
DA:27,1
DA:28,1
DA:29,0
DA:30,0
DA:32,1
DA:33,1
DA:38,1
DA:39,13
DA:40,13
DA:41,13
DA:42,13
DA:43,13
DA:44,13
DA:45,13
DA:47,13
DA:48,1
DA:50,12
DA:51,1
DA:53,11
DA:54,1
DA:56,10
DA:57,1
DA:59,9
DA:60,1
DA:62,8
DA:63,1
DA:65,7
DA:66,1
DA:68,6
DA:69,2
DA:71,4
DA:72,2
DA:74,2
DA:75,1
DA:78,1
DA:86,1
DA:87,1
DA:88,0
DA:89,0
DA:91,1
DA:92,1
DA:93,1
DA:95,1
DA:96,1
DA:97,0
DA:98,0
DA:100,1
DA:101,0
DA:102,0
DA:103,0
DA:104,0
DA:106,0
DA:107,0
DA:111,1
DA:112,1
DA:113,0
DA:114,0
DA:116,1
DA:117,1
DA:125,1
LF:72
LH:56
BRDA:21,0,0,0
BRDA:21,0,1,1
BRDA:28,1,0,0
BRDA:28,1,1,1
BRDA:47,2,0,1
BRDA:47,2,1,12
BRDA:50,3,0,1
BRDA:50,3,1,11
BRDA:53,4,0,1
BRDA:53,4,1,10
BRDA:56,5,0,1
BRDA:56,5,1,9
BRDA:59,6,0,1
BRDA:59,6,1,8
BRDA:62,7,0,1
BRDA:62,7,1,7
BRDA:65,8,0,1
BRDA:65,8,1,6
BRDA:68,9,0,2
BRDA:68,9,1,4
BRDA:71,10,0,2
BRDA:71,10,1,2
BRDA:71,11,0,4
BRDA:71,11,1,4
BRDA:74,12,0,1
BRDA:74,12,1,1
BRDA:87,13,0,0
BRDA:87,13,1,1
BRDA:96,14,0,0
BRDA:96,14,1,1
BRDA:100,15,0,0
BRDA:100,15,1,1
BRDA:102,16,0,0
BRDA:102,16,1,0
BRDA:112,17,0,0
BRDA:112,17,1,1
BRF:36
BRH:28
end_of_record
TN:
SF:routers\quotehistory.js
FN:9,(anonymous_0)
FN:20,(anonymous_1)
FN:27,(anonymous_2)
FNF:3
FNH:3
FNDA:2,(anonymous_0)
FNDA:2,(anonymous_1)
FNDA:2,(anonymous_2)
DA:1,1
DA:2,1
DA:4,1
DA:6,1
DA:9,1
DA:10,2
DA:12,2
DA:20,2
DA:21,2
DA:22,0
DA:23,0
DA:25,2
DA:27,2
DA:28,2
DA:29,0
DA:30,0
DA:32,2
DA:33,2
DA:38,1
LF:19
LH:15
BRDA:21,0,0,0
BRDA:21,0,1,2
BRDA:28,1,0,0
BRDA:28,1,1,2
BRF:4
BRH:2
end_of_record
TN:
SF:routers\signup.js
FN:9,(anonymous_0)
FN:34,(anonymous_1)
FN:42,(anonymous_2)
FN:52,(anonymous_3)
FNF:4
FNH:4
FNDA:5,(anonymous_0)
FNDA:2,(anonymous_1)
FNDA:2,(anonymous_2)
FNDA:1,(anonymous_3)
DA:1,1
DA:2,1
DA:3,1
DA:5,1
DA:6,1
DA:9,1
DA:10,5
DA:11,5
DA:14,5
DA:15,1
DA:17,4
DA:18,1
DA:20,3
DA:21,1
DA:25,2
DA:26,2
DA:34,2
DA:35,2
DA:36,0
DA:37,0
DA:39,2
DA:40,2
DA:42,2
DA:43,2
DA:44,0
DA:45,0
DA:47,2
DA:48,1
DA:49,1
DA:52,1
DA:53,1
DA:54,0
DA:55,0
DA:57,1
DA:58,1
DA:65,1
LF:36
LH:30
BRDA:14,0,0,1
BRDA:14,0,1,4
BRDA:17,1,0,1
BRDA:17,1,1,3
BRDA:20,2,0,1
BRDA:20,2,1,2
BRDA:35,3,0,0
BRDA:35,3,1,2
BRDA:43,4,0,0
BRDA:43,4,1,2
BRDA:47,5,0,1
BRDA:47,5,1,1
BRDA:53,6,0,0
BRDA:53,6,1,1
BRF:14
BRH:11
end_of_record
